2014/08/04 23:46:27 [error] [exception.CHttpException.404] exception 'CHttpException' with message '系统无法找到请求的 "uploadfile" 动作.' in /home/suyouxin/web/cunxiao_web/yii/framework/web/CController.php:483
Stack trace:
#0 /home/suyouxin/web/cunxiao_web/yii/framework/web/CController.php(270): CController->missingAction('uploadfile')
#1 /home/suyouxin/web/cunxiao_web/yii/framework/web/CWebApplication.php(282): CController->run('uploadfile')
#2 /home/suyouxin/web/cunxiao_web/yii/framework/web/CWebApplication.php(141): CWebApplication->runController('stuOffer/upload...')
#3 /home/suyouxin/web/cunxiao_web/yii/framework/base/CApplication.php(180): CWebApplication->processRequest()
#4 /home/suyouxin/web/cunxiao_web/admin/index.php(13): CApplication->run()
#5 {main}
REQUEST_URI=/admin/index.php/stuOffer/uploadfile/JPG/42049_chenfeiyan.JPG
HTTP_REFERER=http://test.cunxiao.org:3000/admin/index.php/stuOffer/471
---
2014/08/04 23:46:32 [error] [exception.CHttpException.404] exception 'CHttpException' with message '系统无法找到请求的 "uploadfile" 动作.' in /home/suyouxin/web/cunxiao_web/yii/framework/web/CController.php:483
Stack trace:
#0 /home/suyouxin/web/cunxiao_web/yii/framework/web/CController.php(270): CController->missingAction('uploadfile')
#1 /home/suyouxin/web/cunxiao_web/yii/framework/web/CWebApplication.php(282): CController->run('uploadfile')
#2 /home/suyouxin/web/cunxiao_web/yii/framework/web/CWebApplication.php(141): CWebApplication->runController('stuOffer/upload...')
#3 /home/suyouxin/web/cunxiao_web/yii/framework/base/CApplication.php(180): CWebApplication->processRequest()
#4 /home/suyouxin/web/cunxiao_web/admin/index.php(13): CApplication->run()
#5 {main}
REQUEST_URI=/admin/index.php/stuOffer/uploadfile/JPG/42049_chenfeiyan.JPG
HTTP_REFERER=http://test.cunxiao.org:3000/admin/index.php/stuOffer/426
---
2014/08/04 23:46:32 [error] [exception.CHttpException.404] exception 'CHttpException' with message '系统无法找到请求的 "uploadfile" 动作.' in /home/suyouxin/web/cunxiao_web/yii/framework/web/CController.php:483
Stack trace:
#0 /home/suyouxin/web/cunxiao_web/yii/framework/web/CController.php(270): CController->missingAction('uploadfile')
#1 /home/suyouxin/web/cunxiao_web/yii/framework/web/CWebApplication.php(282): CController->run('uploadfile')
#2 /home/suyouxin/web/cunxiao_web/yii/framework/web/CWebApplication.php(141): CWebApplication->runController('stuOffer/upload...')
#3 /home/suyouxin/web/cunxiao_web/yii/framework/base/CApplication.php(180): CWebApplication->processRequest()
#4 /home/suyouxin/web/cunxiao_web/admin/index.php(13): CApplication->run()
#5 {main}
REQUEST_URI=/admin/index.php/stuOffer/uploadfile/JPG/61511_chenfeiyan2.JPG
HTTP_REFERER=http://test.cunxiao.org:3000/admin/index.php/stuOffer/426
---
2014/08/04 23:46:37 [error] [exception.CHttpException.404] exception 'CHttpException' with message '系统无法找到请求的 "uploadfile" 动作.' in /home/suyouxin/web/cunxiao_web/yii/framework/web/CController.php:483
Stack trace:
#0 /home/suyouxin/web/cunxiao_web/yii/framework/web/CController.php(270): CController->missingAction('uploadfile')
#1 /home/suyouxin/web/cunxiao_web/yii/framework/web/CWebApplication.php(282): CController->run('uploadfile')
#2 /home/suyouxin/web/cunxiao_web/yii/framework/web/CWebApplication.php(141): CWebApplication->runController('stuOffer/upload...')
#3 /home/suyouxin/web/cunxiao_web/yii/framework/base/CApplication.php(180): CWebApplication->processRequest()
#4 /home/suyouxin/web/cunxiao_web/admin/index.php(13): CApplication->run()
#5 {main}
REQUEST_URI=/admin/index.php/stuOffer/uploadfile/JPG/42049_chenfeiyan.JPG
HTTP_REFERER=http://test.cunxiao.org:3000/admin/index.php/stuOffer/471
---
2014/08/04 23:46:37 [error] [exception.CHttpException.404] exception 'CHttpException' with message '系统无法找到请求的 "uploadfile" 动作.' in /home/suyouxin/web/cunxiao_web/yii/framework/web/CController.php:483
Stack trace:
#0 /home/suyouxin/web/cunxiao_web/yii/framework/web/CController.php(270): CController->missingAction('uploadfile')
#1 /home/suyouxin/web/cunxiao_web/yii/framework/web/CWebApplication.php(282): CController->run('uploadfile')
#2 /home/suyouxin/web/cunxiao_web/yii/framework/web/CWebApplication.php(141): CWebApplication->runController('stuOffer/upload...')
#3 /home/suyouxin/web/cunxiao_web/yii/framework/base/CApplication.php(180): CWebApplication->processRequest()
#4 /home/suyouxin/web/cunxiao_web/admin/index.php(13): CApplication->run()
#5 {main}
REQUEST_URI=/admin/index.php/stuOffer/uploadfile/JPG/61511_chenfeiyan2.JPG
HTTP_REFERER=http://test.cunxiao.org:3000/admin/index.php/stuOffer/471
---
2014/08/04 23:46:41 [error] [exception.CHttpException.404] exception 'CHttpException' with message '系统无法找到请求的 "uploadfile" 动作.' in /home/suyouxin/web/cunxiao_web/yii/framework/web/CController.php:483
Stack trace:
#0 /home/suyouxin/web/cunxiao_web/yii/framework/web/CController.php(270): CController->missingAction('uploadfile')
#1 /home/suyouxin/web/cunxiao_web/yii/framework/web/CWebApplication.php(282): CController->run('uploadfile')
#2 /home/suyouxin/web/cunxiao_web/yii/framework/web/CWebApplication.php(141): CWebApplication->runController('stuOffer/upload...')
#3 /home/suyouxin/web/cunxiao_web/yii/framework/base/CApplication.php(180): CWebApplication->processRequest()
#4 /home/suyouxin/web/cunxiao_web/admin/index.php(13): CApplication->run()
#5 {main}
REQUEST_URI=/admin/index.php/stuOffer/uploadfile/JPG/42049_chenfeiyan.JPG
HTTP_REFERER=http://test.cunxiao.org:3000/admin/index.php/stuOffer/471
---
2014/08/04 23:46:41 [error] [exception.CHttpException.404] exception 'CHttpException' with message '系统无法找到请求的 "uploadfile" 动作.' in /home/suyouxin/web/cunxiao_web/yii/framework/web/CController.php:483
Stack trace:
#0 /home/suyouxin/web/cunxiao_web/yii/framework/web/CController.php(270): CController->missingAction('uploadfile')
#1 /home/suyouxin/web/cunxiao_web/yii/framework/web/CWebApplication.php(282): CController->run('uploadfile')
#2 /home/suyouxin/web/cunxiao_web/yii/framework/web/CWebApplication.php(141): CWebApplication->runController('stuOffer/upload...')
#3 /home/suyouxin/web/cunxiao_web/yii/framework/base/CApplication.php(180): CWebApplication->processRequest()
#4 /home/suyouxin/web/cunxiao_web/admin/index.php(13): CApplication->run()
#5 {main}
REQUEST_URI=/admin/index.php/stuOffer/uploadfile/JPG/61511_chenfeiyan2.JPG
HTTP_REFERER=http://test.cunxiao.org:3000/admin/index.php/stuOffer/471
---
2014/08/04 23:49:39 [error] [exception.CHttpException.404] exception 'CHttpException' with message '系统无法找到请求的 "uploadfile" 动作.' in /home/suyouxin/web/cunxiao_web/yii/framework/web/CController.php:483
Stack trace:
#0 /home/suyouxin/web/cunxiao_web/yii/framework/web/CController.php(270): CController->missingAction('uploadfile')
#1 /home/suyouxin/web/cunxiao_web/yii/framework/web/CWebApplication.php(282): CController->run('uploadfile')
#2 /home/suyouxin/web/cunxiao_web/yii/framework/web/CWebApplication.php(141): CWebApplication->runController('stuOffer/upload...')
#3 /home/suyouxin/web/cunxiao_web/yii/framework/base/CApplication.php(180): CWebApplication->processRequest()
#4 /home/suyouxin/web/cunxiao_web/admin/index.php(13): CApplication->run()
#5 {main}
REQUEST_URI=/admin/index.php/stuOffer/uploadfile/JPG/42049_chenfeiyan.JPG
HTTP_REFERER=http://test.cunxiao.org:3000/admin/index.php/stuOffer/426
---
2014/08/04 23:49:39 [error] [exception.CHttpException.404] exception 'CHttpException' with message '系统无法找到请求的 "uploadfile" 动作.' in /home/suyouxin/web/cunxiao_web/yii/framework/web/CController.php:483
Stack trace:
#0 /home/suyouxin/web/cunxiao_web/yii/framework/web/CController.php(270): CController->missingAction('uploadfile')
#1 /home/suyouxin/web/cunxiao_web/yii/framework/web/CWebApplication.php(282): CController->run('uploadfile')
#2 /home/suyouxin/web/cunxiao_web/yii/framework/web/CWebApplication.php(141): CWebApplication->runController('stuOffer/upload...')
#3 /home/suyouxin/web/cunxiao_web/yii/framework/base/CApplication.php(180): CWebApplication->processRequest()
#4 /home/suyouxin/web/cunxiao_web/admin/index.php(13): CApplication->run()
#5 {main}
REQUEST_URI=/admin/index.php/stuOffer/uploadfile/JPG/61511_chenfeiyan2.JPG
HTTP_REFERER=http://test.cunxiao.org:3000/admin/index.php/stuOffer/426
---
2014/08/04 23:50:09 [error] [exception.CHttpException.404] exception 'CHttpException' with message '系统无法找到请求的 "uploadfile" 动作.' in /home/suyouxin/web/cunxiao_web/yii/framework/web/CController.php:483
Stack trace:
#0 /home/suyouxin/web/cunxiao_web/yii/framework/web/CController.php(270): CController->missingAction('uploadfile')
#1 /home/suyouxin/web/cunxiao_web/yii/framework/web/CWebApplication.php(282): CController->run('uploadfile')
#2 /home/suyouxin/web/cunxiao_web/yii/framework/web/CWebApplication.php(141): CWebApplication->runController('stuOffer/upload...')
#3 /home/suyouxin/web/cunxiao_web/yii/framework/base/CApplication.php(180): CWebApplication->processRequest()
#4 /home/suyouxin/web/cunxiao_web/admin/index.php(13): CApplication->run()
#5 {main}
REQUEST_URI=/admin/index.php/stuOffer/uploadfile/JPG/42049_chenfeiyan.JPG
HTTP_REFERER=http://test.cunxiao.org:3000/admin/index.php/stuOffer/714
---
2014/08/04 23:50:09 [error] [exception.CHttpException.404] exception 'CHttpException' with message '系统无法找到请求的 "uploadfile" 动作.' in /home/suyouxin/web/cunxiao_web/yii/framework/web/CController.php:483
Stack trace:
#0 /home/suyouxin/web/cunxiao_web/yii/framework/web/CController.php(270): CController->missingAction('uploadfile')
#1 /home/suyouxin/web/cunxiao_web/yii/framework/web/CWebApplication.php(282): CController->run('uploadfile')
#2 /home/suyouxin/web/cunxiao_web/yii/framework/web/CWebApplication.php(141): CWebApplication->runController('stuOffer/upload...')
#3 /home/suyouxin/web/cunxiao_web/yii/framework/base/CApplication.php(180): CWebApplication->processRequest()
#4 /home/suyouxin/web/cunxiao_web/admin/index.php(13): CApplication->run()
#5 {main}
REQUEST_URI=/admin/index.php/stuOffer/uploadfile/JPG/61511_chenfeiyan2.JPG
HTTP_REFERER=http://test.cunxiao.org:3000/admin/index.php/stuOffer/714
---
2014/08/04 23:52:42 [error] [exception.CHttpException.404] exception 'CHttpException' with message '系统无法找到请求的 "uploadfile" 动作.' in /home/suyouxin/web/cunxiao_web/yii/framework/web/CController.php:483
Stack trace:
#0 /home/suyouxin/web/cunxiao_web/yii/framework/web/CController.php(270): CController->missingAction('uploadfile')
#1 /home/suyouxin/web/cunxiao_web/yii/framework/web/CWebApplication.php(282): CController->run('uploadfile')
#2 /home/suyouxin/web/cunxiao_web/yii/framework/web/CWebApplication.php(141): CWebApplication->runController('stuOffer/upload...')
#3 /home/suyouxin/web/cunxiao_web/yii/framework/base/CApplication.php(180): CWebApplication->processRequest()
#4 /home/suyouxin/web/cunxiao_web/admin/index.php(13): CApplication->run()
#5 {main}
REQUEST_URI=/admin/index.php/stuOffer/uploadfile/JPG/42049_chenfeiyan.JPG
HTTP_REFERER=http://test.cunxiao.org:3000/admin/index.php/stuOffer/714
---
2014/08/04 23:52:42 [error] [exception.CHttpException.404] exception 'CHttpException' with message '系统无法找到请求的 "uploadfile" 动作.' in /home/suyouxin/web/cunxiao_web/yii/framework/web/CController.php:483
Stack trace:
#0 /home/suyouxin/web/cunxiao_web/yii/framework/web/CController.php(270): CController->missingAction('uploadfile')
#1 /home/suyouxin/web/cunxiao_web/yii/framework/web/CWebApplication.php(282): CController->run('uploadfile')
#2 /home/suyouxin/web/cunxiao_web/yii/framework/web/CWebApplication.php(141): CWebApplication->runController('stuOffer/upload...')
#3 /home/suyouxin/web/cunxiao_web/yii/framework/base/CApplication.php(180): CWebApplication->processRequest()
#4 /home/suyouxin/web/cunxiao_web/admin/index.php(13): CApplication->run()
#5 {main}
REQUEST_URI=/admin/index.php/stuOffer/uploadfile/JPG/61511_chenfeiyan2.JPG
HTTP_REFERER=http://test.cunxiao.org:3000/admin/index.php/stuOffer/714
---
2014/08/04 23:52:42 [error] [exception.CHttpException.404] exception 'CHttpException' with message '系统无法找到请求的 "uploadfile" 动作.' in /home/suyouxin/web/cunxiao_web/yii/framework/web/CController.php:483
Stack trace:
#0 /home/suyouxin/web/cunxiao_web/yii/framework/web/CController.php(270): CController->missingAction('uploadfile')
#1 /home/suyouxin/web/cunxiao_web/yii/framework/web/CWebApplication.php(282): CController->run('uploadfile')
#2 /home/suyouxin/web/cunxiao_web/yii/framework/web/CWebApplication.php(141): CWebApplication->runController('stuOffer/upload...')
#3 /home/suyouxin/web/cunxiao_web/yii/framework/base/CApplication.php(180): CWebApplication->processRequest()
#4 /home/suyouxin/web/cunxiao_web/admin/index.php(13): CApplication->run()
#5 {main}
REQUEST_URI=/admin/index.php/stuOffer/uploadfile/JPG/61511_chenfeiyan2.JPG
HTTP_REFERER=http://test.cunxiao.org:3000/admin/index.php/stuOffer/714
---
2014/08/04 23:52:42 [error] [exception.CHttpException.404] exception 'CHttpException' with message '系统无法找到请求的 "uploadfile" 动作.' in /home/suyouxin/web/cunxiao_web/yii/framework/web/CController.php:483
Stack trace:
#0 /home/suyouxin/web/cunxiao_web/yii/framework/web/CController.php(270): CController->missingAction('uploadfile')
#1 /home/suyouxin/web/cunxiao_web/yii/framework/web/CWebApplication.php(282): CController->run('uploadfile')
#2 /home/suyouxin/web/cunxiao_web/yii/framework/web/CWebApplication.php(141): CWebApplication->runController('stuOffer/upload...')
#3 /home/suyouxin/web/cunxiao_web/yii/framework/base/CApplication.php(180): CWebApplication->processRequest()
#4 /home/suyouxin/web/cunxiao_web/admin/index.php(13): CApplication->run()
#5 {main}
REQUEST_URI=/admin/index.php/stuOffer/uploadfile/JPG/42049_chenfeiyan.JPG
HTTP_REFERER=http://test.cunxiao.org:3000/admin/index.php/stuOffer/714
---
2014/08/04 23:53:03 [error] [exception.CHttpException.404] exception 'CHttpException' with message '系统无法找到请求的 "uploadfile" 动作.' in /home/suyouxin/web/cunxiao_web/yii/framework/web/CController.php:483
Stack trace:
#0 /home/suyouxin/web/cunxiao_web/yii/framework/web/CController.php(270): CController->missingAction('uploadfile')
#1 /home/suyouxin/web/cunxiao_web/yii/framework/web/CWebApplication.php(282): CController->run('uploadfile')
#2 /home/suyouxin/web/cunxiao_web/yii/framework/web/CWebApplication.php(141): CWebApplication->runController('stuOffer/upload...')
#3 /home/suyouxin/web/cunxiao_web/yii/framework/base/CApplication.php(180): CWebApplication->processRequest()
#4 /home/suyouxin/web/cunxiao_web/admin/index.php(13): CApplication->run()
#5 {main}
REQUEST_URI=/admin/index.php/stuOffer/uploadfile/JPG/42049_chenfeiyan.JPG
HTTP_REFERER=http://test.cunxiao.org:3000/admin/index.php/stuOffer/714
---
2014/08/04 23:53:03 [error] [exception.CHttpException.404] exception 'CHttpException' with message '系统无法找到请求的 "uploadfile" 动作.' in /home/suyouxin/web/cunxiao_web/yii/framework/web/CController.php:483
Stack trace:
#0 /home/suyouxin/web/cunxiao_web/yii/framework/web/CController.php(270): CController->missingAction('uploadfile')
#1 /home/suyouxin/web/cunxiao_web/yii/framework/web/CWebApplication.php(282): CController->run('uploadfile')
#2 /home/suyouxin/web/cunxiao_web/yii/framework/web/CWebApplication.php(141): CWebApplication->runController('stuOffer/upload...')
#3 /home/suyouxin/web/cunxiao_web/yii/framework/base/CApplication.php(180): CWebApplication->processRequest()
#4 /home/suyouxin/web/cunxiao_web/admin/index.php(13): CApplication->run()
#5 {main}
REQUEST_URI=/admin/index.php/stuOffer/uploadfile/JPG/61511_chenfeiyan2.JPG
HTTP_REFERER=http://test.cunxiao.org:3000/admin/index.php/stuOffer/714
---
2014/08/04 23:53:03 [error] [exception.CHttpException.404] exception 'CHttpException' with message '系统无法找到请求的 "uploadfile" 动作.' in /home/suyouxin/web/cunxiao_web/yii/framework/web/CController.php:483
Stack trace:
#0 /home/suyouxin/web/cunxiao_web/yii/framework/web/CController.php(270): CController->missingAction('uploadfile')
#1 /home/suyouxin/web/cunxiao_web/yii/framework/web/CWebApplication.php(282): CController->run('uploadfile')
#2 /home/suyouxin/web/cunxiao_web/yii/framework/web/CWebApplication.php(141): CWebApplication->runController('stuOffer/upload...')
#3 /home/suyouxin/web/cunxiao_web/yii/framework/base/CApplication.php(180): CWebApplication->processRequest()
#4 /home/suyouxin/web/cunxiao_web/admin/index.php(13): CApplication->run()
#5 {main}
REQUEST_URI=/admin/index.php/stuOffer/uploadfile/JPG/42049_chenfeiyan.JPG
HTTP_REFERER=http://test.cunxiao.org:3000/admin/index.php/stuOffer/714
---
2014/08/04 23:53:03 [error] [exception.CHttpException.404] exception 'CHttpException' with message '系统无法找到请求的 "uploadfile" 动作.' in /home/suyouxin/web/cunxiao_web/yii/framework/web/CController.php:483
Stack trace:
#0 /home/suyouxin/web/cunxiao_web/yii/framework/web/CController.php(270): CController->missingAction('uploadfile')
#1 /home/suyouxin/web/cunxiao_web/yii/framework/web/CWebApplication.php(282): CController->run('uploadfile')
#2 /home/suyouxin/web/cunxiao_web/yii/framework/web/CWebApplication.php(141): CWebApplication->runController('stuOffer/upload...')
#3 /home/suyouxin/web/cunxiao_web/yii/framework/base/CApplication.php(180): CWebApplication->processRequest()
#4 /home/suyouxin/web/cunxiao_web/admin/index.php(13): CApplication->run()
#5 {main}
REQUEST_URI=/admin/index.php/stuOffer/uploadfile/JPG/61511_chenfeiyan2.JPG
HTTP_REFERER=http://test.cunxiao.org:3000/admin/index.php/stuOffer/714
---
2014/08/04 23:53:04 [error] [exception.CHttpException.404] exception 'CHttpException' with message '系统无法找到请求的 "uploadfile" 动作.' in /home/suyouxin/web/cunxiao_web/yii/framework/web/CController.php:483
Stack trace:
#0 /home/suyouxin/web/cunxiao_web/yii/framework/web/CController.php(270): CController->missingAction('uploadfile')
#1 /home/suyouxin/web/cunxiao_web/yii/framework/web/CWebApplication.php(282): CController->run('uploadfile')
#2 /home/suyouxin/web/cunxiao_web/yii/framework/web/CWebApplication.php(141): CWebApplication->runController('stuOffer/upload...')
#3 /home/suyouxin/web/cunxiao_web/yii/framework/base/CApplication.php(180): CWebApplication->processRequest()
#4 /home/suyouxin/web/cunxiao_web/admin/index.php(13): CApplication->run()
#5 {main}
REQUEST_URI=/admin/index.php/stuOffer/uploadfile/JPG/61511_chenfeiyan2.JPG
HTTP_REFERER=http://test.cunxiao.org:3000/admin/index.php/stuOffer/714
---
2014/08/04 23:53:04 [error] [exception.CHttpException.404] exception 'CHttpException' with message '系统无法找到请求的 "uploadfile" 动作.' in /home/suyouxin/web/cunxiao_web/yii/framework/web/CController.php:483
Stack trace:
#0 /home/suyouxin/web/cunxiao_web/yii/framework/web/CController.php(270): CController->missingAction('uploadfile')
#1 /home/suyouxin/web/cunxiao_web/yii/framework/web/CWebApplication.php(282): CController->run('uploadfile')
#2 /home/suyouxin/web/cunxiao_web/yii/framework/web/CWebApplication.php(141): CWebApplication->runController('stuOffer/upload...')
#3 /home/suyouxin/web/cunxiao_web/yii/framework/base/CApplication.php(180): CWebApplication->processRequest()
#4 /home/suyouxin/web/cunxiao_web/admin/index.php(13): CApplication->run()
#5 {main}
REQUEST_URI=/admin/index.php/stuOffer/uploadfile/JPG/42049_chenfeiyan.JPG
HTTP_REFERER=http://test.cunxiao.org:3000/admin/index.php/stuOffer/714
---
2014/08/04 23:53:04 [error] [exception.CHttpException.404] exception 'CHttpException' with message '系统无法找到请求的 "uploadfile" 动作.' in /home/suyouxin/web/cunxiao_web/yii/framework/web/CController.php:483
Stack trace:
#0 /home/suyouxin/web/cunxiao_web/yii/framework/web/CController.php(270): CController->missingAction('uploadfile')
#1 /home/suyouxin/web/cunxiao_web/yii/framework/web/CWebApplication.php(282): CController->run('uploadfile')
#2 /home/suyouxin/web/cunxiao_web/yii/framework/web/CWebApplication.php(141): CWebApplication->runController('stuOffer/upload...')
#3 /home/suyouxin/web/cunxiao_web/yii/framework/base/CApplication.php(180): CWebApplication->processRequest()
#4 /home/suyouxin/web/cunxiao_web/admin/index.php(13): CApplication->run()
#5 {main}
REQUEST_URI=/admin/index.php/stuOffer/uploadfile/JPG/61511_chenfeiyan2.JPG
HTTP_REFERER=http://test.cunxiao.org:3000/admin/index.php/stuOffer/714
---
2014/08/04 23:53:04 [error] [exception.CHttpException.404] exception 'CHttpException' with message '系统无法找到请求的 "uploadfile" 动作.' in /home/suyouxin/web/cunxiao_web/yii/framework/web/CController.php:483
Stack trace:
#0 /home/suyouxin/web/cunxiao_web/yii/framework/web/CController.php(270): CController->missingAction('uploadfile')
#1 /home/suyouxin/web/cunxiao_web/yii/framework/web/CWebApplication.php(282): CController->run('uploadfile')
#2 /home/suyouxin/web/cunxiao_web/yii/framework/web/CWebApplication.php(141): CWebApplication->runController('stuOffer/upload...')
#3 /home/suyouxin/web/cunxiao_web/yii/framework/base/CApplication.php(180): CWebApplication->processRequest()
#4 /home/suyouxin/web/cunxiao_web/admin/index.php(13): CApplication->run()
#5 {main}
REQUEST_URI=/admin/index.php/stuOffer/uploadfile/JPG/42049_chenfeiyan.JPG
HTTP_REFERER=http://test.cunxiao.org:3000/admin/index.php/stuOffer/714
---
2014/08/04 23:53:05 [error] [exception.CHttpException.404] exception 'CHttpException' with message '系统无法找到请求的 "uploadfile" 动作.' in /home/suyouxin/web/cunxiao_web/yii/framework/web/CController.php:483
Stack trace:
#0 /home/suyouxin/web/cunxiao_web/yii/framework/web/CController.php(270): CController->missingAction('uploadfile')
#1 /home/suyouxin/web/cunxiao_web/yii/framework/web/CWebApplication.php(282): CController->run('uploadfile')
#2 /home/suyouxin/web/cunxiao_web/yii/framework/web/CWebApplication.php(141): CWebApplication->runController('stuOffer/upload...')
#3 /home/suyouxin/web/cunxiao_web/yii/framework/base/CApplication.php(180): CWebApplication->processRequest()
#4 /home/suyouxin/web/cunxiao_web/admin/index.php(13): CApplication->run()
#5 {main}
REQUEST_URI=/admin/index.php/stuOffer/uploadfile/JPG/42049_chenfeiyan.JPG
HTTP_REFERER=http://test.cunxiao.org:3000/admin/index.php/stuOffer/714
---
2014/08/04 23:53:05 [error] [exception.CHttpException.404] exception 'CHttpException' with message '系统无法找到请求的 "uploadfile" 动作.' in /home/suyouxin/web/cunxiao_web/yii/framework/web/CController.php:483
Stack trace:
#0 /home/suyouxin/web/cunxiao_web/yii/framework/web/CController.php(270): CController->missingAction('uploadfile')
#1 /home/suyouxin/web/cunxiao_web/yii/framework/web/CWebApplication.php(282): CController->run('uploadfile')
#2 /home/suyouxin/web/cunxiao_web/yii/framework/web/CWebApplication.php(141): CWebApplication->runController('stuOffer/upload...')
#3 /home/suyouxin/web/cunxiao_web/yii/framework/base/CApplication.php(180): CWebApplication->processRequest()
#4 /home/suyouxin/web/cunxiao_web/admin/index.php(13): CApplication->run()
#5 {main}
REQUEST_URI=/admin/index.php/stuOffer/uploadfile/JPG/61511_chenfeiyan2.JPG
HTTP_REFERER=http://test.cunxiao.org:3000/admin/index.php/stuOffer/714
---
2014/08/04 23:53:05 [error] [exception.CHttpException.404] exception 'CHttpException' with message '系统无法找到请求的 "uploadfile" 动作.' in /home/suyouxin/web/cunxiao_web/yii/framework/web/CController.php:483
Stack trace:
#0 /home/suyouxin/web/cunxiao_web/yii/framework/web/CController.php(270): CController->missingAction('uploadfile')
#1 /home/suyouxin/web/cunxiao_web/yii/framework/web/CWebApplication.php(282): CController->run('uploadfile')
#2 /home/suyouxin/web/cunxiao_web/yii/framework/web/CWebApplication.php(141): CWebApplication->runController('stuOffer/upload...')
#3 /home/suyouxin/web/cunxiao_web/yii/framework/base/CApplication.php(180): CWebApplication->processRequest()
#4 /home/suyouxin/web/cunxiao_web/admin/index.php(13): CApplication->run()
#5 {main}
REQUEST_URI=/admin/index.php/stuOffer/uploadfile/JPG/61511_chenfeiyan2.JPG
HTTP_REFERER=http://test.cunxiao.org:3000/admin/index.php/stuOffer/714
---
2014/08/04 23:53:05 [error] [exception.CHttpException.404] exception 'CHttpException' with message '系统无法找到请求的 "uploadfile" 动作.' in /home/suyouxin/web/cunxiao_web/yii/framework/web/CController.php:483
Stack trace:
#0 /home/suyouxin/web/cunxiao_web/yii/framework/web/CController.php(270): CController->missingAction('uploadfile')
#1 /home/suyouxin/web/cunxiao_web/yii/framework/web/CWebApplication.php(282): CController->run('uploadfile')
#2 /home/suyouxin/web/cunxiao_web/yii/framework/web/CWebApplication.php(141): CWebApplication->runController('stuOffer/upload...')
#3 /home/suyouxin/web/cunxiao_web/yii/framework/base/CApplication.php(180): CWebApplication->processRequest()
#4 /home/suyouxin/web/cunxiao_web/admin/index.php(13): CApplication->run()
#5 {main}
REQUEST_URI=/admin/index.php/stuOffer/uploadfile/JPG/42049_chenfeiyan.JPG
HTTP_REFERER=http://test.cunxiao.org:3000/admin/index.php/stuOffer/714
---
2014/08/04 23:53:05 [error] [exception.CHttpException.404] exception 'CHttpException' with message '系统无法找到请求的 "uploadfile" 动作.' in /home/suyouxin/web/cunxiao_web/yii/framework/web/CController.php:483
Stack trace:
#0 /home/suyouxin/web/cunxiao_web/yii/framework/web/CController.php(270): CController->missingAction('uploadfile')
#1 /home/suyouxin/web/cunxiao_web/yii/framework/web/CWebApplication.php(282): CController->run('uploadfile')
#2 /home/suyouxin/web/cunxiao_web/yii/framework/web/CWebApplication.php(141): CWebApplication->runController('stuOffer/upload...')
#3 /home/suyouxin/web/cunxiao_web/yii/framework/base/CApplication.php(180): CWebApplication->processRequest()
#4 /home/suyouxin/web/cunxiao_web/admin/index.php(13): CApplication->run()
#5 {main}
REQUEST_URI=/admin/index.php/stuOffer/uploadfile/JPG/61511_chenfeiyan2.JPG
HTTP_REFERER=http://test.cunxiao.org:3000/admin/index.php/stuOffer/714
---
2014/08/04 23:53:05 [error] [exception.CHttpException.404] exception 'CHttpException' with message '系统无法找到请求的 "uploadfile" 动作.' in /home/suyouxin/web/cunxiao_web/yii/framework/web/CController.php:483
Stack trace:
#0 /home/suyouxin/web/cunxiao_web/yii/framework/web/CController.php(270): CController->missingAction('uploadfile')
#1 /home/suyouxin/web/cunxiao_web/yii/framework/web/CWebApplication.php(282): CController->run('uploadfile')
#2 /home/suyouxin/web/cunxiao_web/yii/framework/web/CWebApplication.php(141): CWebApplication->runController('stuOffer/upload...')
#3 /home/suyouxin/web/cunxiao_web/yii/framework/base/CApplication.php(180): CWebApplication->processRequest()
#4 /home/suyouxin/web/cunxiao_web/admin/index.php(13): CApplication->run()
#5 {main}
REQUEST_URI=/admin/index.php/stuOffer/uploadfile/JPG/42049_chenfeiyan.JPG
HTTP_REFERER=http://test.cunxiao.org:3000/admin/index.php/stuOffer/714
---
2014/08/04 23:53:05 [error] [exception.CHttpException.404] exception 'CHttpException' with message '系统无法找到请求的 "uploadfile" 动作.' in /home/suyouxin/web/cunxiao_web/yii/framework/web/CController.php:483
Stack trace:
#0 /home/suyouxin/web/cunxiao_web/yii/framework/web/CController.php(270): CController->missingAction('uploadfile')
#1 /home/suyouxin/web/cunxiao_web/yii/framework/web/CWebApplication.php(282): CController->run('uploadfile')
#2 /home/suyouxin/web/cunxiao_web/yii/framework/web/CWebApplication.php(141): CWebApplication->runController('stuOffer/upload...')
#3 /home/suyouxin/web/cunxiao_web/yii/framework/base/CApplication.php(180): CWebApplication->processRequest()
#4 /home/suyouxin/web/cunxiao_web/admin/index.php(13): CApplication->run()
#5 {main}
REQUEST_URI=/admin/index.php/stuOffer/uploadfile/JPG/42049_chenfeiyan.JPG
HTTP_REFERER=http://test.cunxiao.org:3000/admin/index.php/stuOffer/714
---
2014/08/04 23:53:05 [error] [exception.CHttpException.404] exception 'CHttpException' with message '系统无法找到请求的 "uploadfile" 动作.' in /home/suyouxin/web/cunxiao_web/yii/framework/web/CController.php:483
Stack trace:
#0 /home/suyouxin/web/cunxiao_web/yii/framework/web/CController.php(270): CController->missingAction('uploadfile')
#1 /home/suyouxin/web/cunxiao_web/yii/framework/web/CWebApplication.php(282): CController->run('uploadfile')
#2 /home/suyouxin/web/cunxiao_web/yii/framework/web/CWebApplication.php(141): CWebApplication->runController('stuOffer/upload...')
#3 /home/suyouxin/web/cunxiao_web/yii/framework/base/CApplication.php(180): CWebApplication->processRequest()
#4 /home/suyouxin/web/cunxiao_web/admin/index.php(13): CApplication->run()
#5 {main}
REQUEST_URI=/admin/index.php/stuOffer/uploadfile/JPG/61511_chenfeiyan2.JPG
HTTP_REFERER=http://test.cunxiao.org:3000/admin/index.php/stuOffer/714
---
2014/08/04 23:53:05 [error] [exception.CHttpException.404] exception 'CHttpException' with message '系统无法找到请求的 "uploadfile" 动作.' in /home/suyouxin/web/cunxiao_web/yii/framework/web/CController.php:483
Stack trace:
#0 /home/suyouxin/web/cunxiao_web/yii/framework/web/CController.php(270): CController->missingAction('uploadfile')
#1 /home/suyouxin/web/cunxiao_web/yii/framework/web/CWebApplication.php(282): CController->run('uploadfile')
#2 /home/suyouxin/web/cunxiao_web/yii/framework/web/CWebApplication.php(141): CWebApplication->runController('stuOffer/upload...')
#3 /home/suyouxin/web/cunxiao_web/yii/framework/base/CApplication.php(180): CWebApplication->processRequest()
#4 /home/suyouxin/web/cunxiao_web/admin/index.php(13): CApplication->run()
#5 {main}
REQUEST_URI=/admin/index.php/stuOffer/uploadfile/JPG/61511_chenfeiyan2.JPG
HTTP_REFERER=http://test.cunxiao.org:3000/admin/index.php/stuOffer/714
---
2014/08/04 23:53:05 [error] [exception.CHttpException.404] exception 'CHttpException' with message '系统无法找到请求的 "uploadfile" 动作.' in /home/suyouxin/web/cunxiao_web/yii/framework/web/CController.php:483
Stack trace:
#0 /home/suyouxin/web/cunxiao_web/yii/framework/web/CController.php(270): CController->missingAction('uploadfile')
#1 /home/suyouxin/web/cunxiao_web/yii/framework/web/CWebApplication.php(282): CController->run('uploadfile')
#2 /home/suyouxin/web/cunxiao_web/yii/framework/web/CWebApplication.php(141): CWebApplication->runController('stuOffer/upload...')
#3 /home/suyouxin/web/cunxiao_web/yii/framework/base/CApplication.php(180): CWebApplication->processRequest()
#4 /home/suyouxin/web/cunxiao_web/admin/index.php(13): CApplication->run()
#5 {main}
REQUEST_URI=/admin/index.php/stuOffer/uploadfile/JPG/42049_chenfeiyan.JPG
HTTP_REFERER=http://test.cunxiao.org:3000/admin/index.php/stuOffer/714
---
2014/08/04 23:53:05 [error] [exception.CHttpException.404] exception 'CHttpException' with message '系统无法找到请求的 "uploadfile" 动作.' in /home/suyouxin/web/cunxiao_web/yii/framework/web/CController.php:483
Stack trace:
#0 /home/suyouxin/web/cunxiao_web/yii/framework/web/CController.php(270): CController->missingAction('uploadfile')
#1 /home/suyouxin/web/cunxiao_web/yii/framework/web/CWebApplication.php(282): CController->run('uploadfile')
#2 /home/suyouxin/web/cunxiao_web/yii/framework/web/CWebApplication.php(141): CWebApplication->runController('stuOffer/upload...')
#3 /home/suyouxin/web/cunxiao_web/yii/framework/base/CApplication.php(180): CWebApplication->processRequest()
#4 /home/suyouxin/web/cunxiao_web/admin/index.php(13): CApplication->run()
#5 {main}
REQUEST_URI=/admin/index.php/stuOffer/uploadfile/JPG/61511_chenfeiyan2.JPG
HTTP_REFERER=http://test.cunxiao.org:3000/admin/index.php/stuOffer/714
---
2014/08/04 23:53:05 [error] [exception.CHttpException.404] exception 'CHttpException' with message '系统无法找到请求的 "uploadfile" 动作.' in /home/suyouxin/web/cunxiao_web/yii/framework/web/CController.php:483
Stack trace:
#0 /home/suyouxin/web/cunxiao_web/yii/framework/web/CController.php(270): CController->missingAction('uploadfile')
#1 /home/suyouxin/web/cunxiao_web/yii/framework/web/CWebApplication.php(282): CController->run('uploadfile')
#2 /home/suyouxin/web/cunxiao_web/yii/framework/web/CWebApplication.php(141): CWebApplication->runController('stuOffer/upload...')
#3 /home/suyouxin/web/cunxiao_web/yii/framework/base/CApplication.php(180): CWebApplication->processRequest()
#4 /home/suyouxin/web/cunxiao_web/admin/index.php(13): CApplication->run()
#5 {main}
REQUEST_URI=/admin/index.php/stuOffer/uploadfile/JPG/42049_chenfeiyan.JPG
HTTP_REFERER=http://test.cunxiao.org:3000/admin/index.php/stuOffer/714
---
2014/08/04 23:53:05 [error] [exception.CHttpException.404] exception 'CHttpException' with message '系统无法找到请求的 "uploadfile" 动作.' in /home/suyouxin/web/cunxiao_web/yii/framework/web/CController.php:483
Stack trace:
#0 /home/suyouxin/web/cunxiao_web/yii/framework/web/CController.php(270): CController->missingAction('uploadfile')
#1 /home/suyouxin/web/cunxiao_web/yii/framework/web/CWebApplication.php(282): CController->run('uploadfile')
#2 /home/suyouxin/web/cunxiao_web/yii/framework/web/CWebApplication.php(141): CWebApplication->runController('stuOffer/upload...')
#3 /home/suyouxin/web/cunxiao_web/yii/framework/base/CApplication.php(180): CWebApplication->processRequest()
#4 /home/suyouxin/web/cunxiao_web/admin/index.php(13): CApplication->run()
#5 {main}
REQUEST_URI=/admin/index.php/stuOffer/uploadfile/JPG/61511_chenfeiyan2.JPG
HTTP_REFERER=http://test.cunxiao.org:3000/admin/index.php/stuOffer/714
---
2014/08/04 23:53:05 [error] [exception.CHttpException.404] exception 'CHttpException' with message '系统无法找到请求的 "uploadfile" 动作.' in /home/suyouxin/web/cunxiao_web/yii/framework/web/CController.php:483
Stack trace:
#0 /home/suyouxin/web/cunxiao_web/yii/framework/web/CController.php(270): CController->missingAction('uploadfile')
#1 /home/suyouxin/web/cunxiao_web/yii/framework/web/CWebApplication.php(282): CController->run('uploadfile')
#2 /home/suyouxin/web/cunxiao_web/yii/framework/web/CWebApplication.php(141): CWebApplication->runController('stuOffer/upload...')
#3 /home/suyouxin/web/cunxiao_web/yii/framework/base/CApplication.php(180): CWebApplication->processRequest()
#4 /home/suyouxin/web/cunxiao_web/admin/index.php(13): CApplication->run()
#5 {main}
REQUEST_URI=/admin/index.php/stuOffer/uploadfile/JPG/42049_chenfeiyan.JPG
HTTP_REFERER=http://test.cunxiao.org:3000/admin/index.php/stuOffer/714
---
2014/08/04 23:53:05 [error] [exception.CHttpException.404] exception 'CHttpException' with message '系统无法找到请求的 "uploadfile" 动作.' in /home/suyouxin/web/cunxiao_web/yii/framework/web/CController.php:483
Stack trace:
#0 /home/suyouxin/web/cunxiao_web/yii/framework/web/CController.php(270): CController->missingAction('uploadfile')
#1 /home/suyouxin/web/cunxiao_web/yii/framework/web/CWebApplication.php(282): CController->run('uploadfile')
#2 /home/suyouxin/web/cunxiao_web/yii/framework/web/CWebApplication.php(141): CWebApplication->runController('stuOffer/upload...')
#3 /home/suyouxin/web/cunxiao_web/yii/framework/base/CApplication.php(180): CWebApplication->processRequest()
#4 /home/suyouxin/web/cunxiao_web/admin/index.php(13): CApplication->run()
#5 {main}
REQUEST_URI=/admin/index.php/stuOffer/uploadfile/JPG/61511_chenfeiyan2.JPG
HTTP_REFERER=http://test.cunxiao.org:3000/admin/index.php/stuOffer/714
---
2014/08/04 23:53:05 [error] [exception.CHttpException.404] exception 'CHttpException' with message '系统无法找到请求的 "uploadfile" 动作.' in /home/suyouxin/web/cunxiao_web/yii/framework/web/CController.php:483
Stack trace:
#0 /home/suyouxin/web/cunxiao_web/yii/framework/web/CController.php(270): CController->missingAction('uploadfile')
#1 /home/suyouxin/web/cunxiao_web/yii/framework/web/CWebApplication.php(282): CController->run('uploadfile')
#2 /home/suyouxin/web/cunxiao_web/yii/framework/web/CWebApplication.php(141): CWebApplication->runController('stuOffer/upload...')
#3 /home/suyouxin/web/cunxiao_web/yii/framework/base/CApplication.php(180): CWebApplication->processRequest()
#4 /home/suyouxin/web/cunxiao_web/admin/index.php(13): CApplication->run()
#5 {main}
REQUEST_URI=/admin/index.php/stuOffer/uploadfile/JPG/42049_chenfeiyan.JPG
HTTP_REFERER=http://test.cunxiao.org:3000/admin/index.php/stuOffer/714
---
2014/08/04 23:53:05 [error] [exception.CHttpException.404] exception 'CHttpException' with message '系统无法找到请求的 "uploadfile" 动作.' in /home/suyouxin/web/cunxiao_web/yii/framework/web/CController.php:483
Stack trace:
#0 /home/suyouxin/web/cunxiao_web/yii/framework/web/CController.php(270): CController->missingAction('uploadfile')
#1 /home/suyouxin/web/cunxiao_web/yii/framework/web/CWebApplication.php(282): CController->run('uploadfile')
#2 /home/suyouxin/web/cunxiao_web/yii/framework/web/CWebApplication.php(141): CWebApplication->runController('stuOffer/upload...')
#3 /home/suyouxin/web/cunxiao_web/yii/framework/base/CApplication.php(180): CWebApplication->processRequest()
#4 /home/suyouxin/web/cunxiao_web/admin/index.php(13): CApplication->run()
#5 {main}
REQUEST_URI=/admin/index.php/stuOffer/uploadfile/JPG/61511_chenfeiyan2.JPG
HTTP_REFERER=http://test.cunxiao.org:3000/admin/index.php/stuOffer/714
---
2014/08/04 23:53:05 [error] [exception.CHttpException.404] exception 'CHttpException' with message '系统无法找到请求的 "uploadfile" 动作.' in /home/suyouxin/web/cunxiao_web/yii/framework/web/CController.php:483
Stack trace:
#0 /home/suyouxin/web/cunxiao_web/yii/framework/web/CController.php(270): CController->missingAction('uploadfile')
#1 /home/suyouxin/web/cunxiao_web/yii/framework/web/CWebApplication.php(282): CController->run('uploadfile')
#2 /home/suyouxin/web/cunxiao_web/yii/framework/web/CWebApplication.php(141): CWebApplication->runController('stuOffer/upload...')
#3 /home/suyouxin/web/cunxiao_web/yii/framework/base/CApplication.php(180): CWebApplication->processRequest()
#4 /home/suyouxin/web/cunxiao_web/admin/index.php(13): CApplication->run()
#5 {main}
REQUEST_URI=/admin/index.php/stuOffer/uploadfile/JPG/42049_chenfeiyan.JPG
HTTP_REFERER=http://test.cunxiao.org:3000/admin/index.php/stuOffer/714
---
2014/08/04 23:53:05 [error] [exception.CHttpException.404] exception 'CHttpException' with message '系统无法找到请求的 "uploadfile" 动作.' in /home/suyouxin/web/cunxiao_web/yii/framework/web/CController.php:483
Stack trace:
#0 /home/suyouxin/web/cunxiao_web/yii/framework/web/CController.php(270): CController->missingAction('uploadfile')
#1 /home/suyouxin/web/cunxiao_web/yii/framework/web/CWebApplication.php(282): CController->run('uploadfile')
#2 /home/suyouxin/web/cunxiao_web/yii/framework/web/CWebApplication.php(141): CWebApplication->runController('stuOffer/upload...')
#3 /home/suyouxin/web/cunxiao_web/yii/framework/base/CApplication.php(180): CWebApplication->processRequest()
#4 /home/suyouxin/web/cunxiao_web/admin/index.php(13): CApplication->run()
#5 {main}
REQUEST_URI=/admin/index.php/stuOffer/uploadfile/JPG/42049_chenfeiyan.JPG
HTTP_REFERER=http://test.cunxiao.org:3000/admin/index.php/stuOffer/714
---
2014/08/04 23:53:05 [error] [exception.CHttpException.404] exception 'CHttpException' with message '系统无法找到请求的 "uploadfile" 动作.' in /home/suyouxin/web/cunxiao_web/yii/framework/web/CController.php:483
Stack trace:
#0 /home/suyouxin/web/cunxiao_web/yii/framework/web/CController.php(270): CController->missingAction('uploadfile')
#1 /home/suyouxin/web/cunxiao_web/yii/framework/web/CWebApplication.php(282): CController->run('uploadfile')
#2 /home/suyouxin/web/cunxiao_web/yii/framework/web/CWebApplication.php(141): CWebApplication->runController('stuOffer/upload...')
#3 /home/suyouxin/web/cunxiao_web/yii/framework/base/CApplication.php(180): CWebApplication->processRequest()
#4 /home/suyouxin/web/cunxiao_web/admin/index.php(13): CApplication->run()
#5 {main}
REQUEST_URI=/admin/index.php/stuOffer/uploadfile/JPG/61511_chenfeiyan2.JPG
HTTP_REFERER=http://test.cunxiao.org:3000/admin/index.php/stuOffer/714
---
2014/08/04 23:54:33 [error] [exception.CHttpException.404] exception 'CHttpException' with message '系统无法找到请求的 "uploadfile" 动作.' in /home/suyouxin/web/cunxiao_web/yii/framework/web/CController.php:483
Stack trace:
#0 /home/suyouxin/web/cunxiao_web/yii/framework/web/CController.php(270): CController->missingAction('uploadfile')
#1 /home/suyouxin/web/cunxiao_web/yii/framework/web/CWebApplication.php(282): CController->run('uploadfile')
#2 /home/suyouxin/web/cunxiao_web/yii/framework/web/CWebApplication.php(141): CWebApplication->runController('stuOffer/upload...')
#3 /home/suyouxin/web/cunxiao_web/yii/framework/base/CApplication.php(180): CWebApplication->processRequest()
#4 /home/suyouxin/web/cunxiao_web/admin/index.php(13): CApplication->run()
#5 {main}
REQUEST_URI=/admin/index.php/stuOffer/uploadfile/JPG/61511_chenfeiyan2.JPG
HTTP_REFERER=http://test.cunxiao.org:3000/admin/index.php/stuOffer/3634
---
2014/08/04 23:54:33 [error] [exception.CHttpException.404] exception 'CHttpException' with message '系统无法找到请求的 "uploadfile" 动作.' in /home/suyouxin/web/cunxiao_web/yii/framework/web/CController.php:483
Stack trace:
#0 /home/suyouxin/web/cunxiao_web/yii/framework/web/CController.php(270): CController->missingAction('uploadfile')
#1 /home/suyouxin/web/cunxiao_web/yii/framework/web/CWebApplication.php(282): CController->run('uploadfile')
#2 /home/suyouxin/web/cunxiao_web/yii/framework/web/CWebApplication.php(141): CWebApplication->runController('stuOffer/upload...')
#3 /home/suyouxin/web/cunxiao_web/yii/framework/base/CApplication.php(180): CWebApplication->processRequest()
#4 /home/suyouxin/web/cunxiao_web/admin/index.php(13): CApplication->run()
#5 {main}
REQUEST_URI=/admin/index.php/stuOffer/uploadfile/JPG/42049_chenfeiyan.JPG
HTTP_REFERER=http://test.cunxiao.org:3000/admin/index.php/stuOffer/3634
---
2014/08/04 23:54:52 [error] [exception.CHttpException.404] exception 'CHttpException' with message '系统无法找到请求的 "uploadfile" 动作.' in /home/suyouxin/web/cunxiao_web/yii/framework/web/CController.php:483
Stack trace:
#0 /home/suyouxin/web/cunxiao_web/yii/framework/web/CController.php(270): CController->missingAction('uploadfile')
#1 /home/suyouxin/web/cunxiao_web/yii/framework/web/CWebApplication.php(282): CController->run('uploadfile')
#2 /home/suyouxin/web/cunxiao_web/yii/framework/web/CWebApplication.php(141): CWebApplication->runController('stuOffer/upload...')
#3 /home/suyouxin/web/cunxiao_web/yii/framework/base/CApplication.php(180): CWebApplication->processRequest()
#4 /home/suyouxin/web/cunxiao_web/admin/index.php(13): CApplication->run()
#5 {main}
REQUEST_URI=/admin/index.php/stuOffer/uploadfile/JPG/42049_chenfeiyan.JPG
HTTP_REFERER=http://test.cunxiao.org:3000/admin/index.php/stuOffer/426
---
2014/08/04 23:54:52 [error] [exception.CHttpException.404] exception 'CHttpException' with message '系统无法找到请求的 "uploadfile" 动作.' in /home/suyouxin/web/cunxiao_web/yii/framework/web/CController.php:483
Stack trace:
#0 /home/suyouxin/web/cunxiao_web/yii/framework/web/CController.php(270): CController->missingAction('uploadfile')
#1 /home/suyouxin/web/cunxiao_web/yii/framework/web/CWebApplication.php(282): CController->run('uploadfile')
#2 /home/suyouxin/web/cunxiao_web/yii/framework/web/CWebApplication.php(141): CWebApplication->runController('stuOffer/upload...')
#3 /home/suyouxin/web/cunxiao_web/yii/framework/base/CApplication.php(180): CWebApplication->processRequest()
#4 /home/suyouxin/web/cunxiao_web/admin/index.php(13): CApplication->run()
#5 {main}
REQUEST_URI=/admin/index.php/stuOffer/uploadfile/JPG/61511_chenfeiyan2.JPG
HTTP_REFERER=http://test.cunxiao.org:3000/admin/index.php/stuOffer/426
---
2014/08/04 23:55:54 [error] [exception.CHttpException.404] exception 'CHttpException' with message '系统无法找到请求的 "spacer.gif" 动作.' in /home/suyouxin/web/cunxiao_web/yii/framework/web/CController.php:483
Stack trace:
#0 /home/suyouxin/web/cunxiao_web/yii/framework/web/CController.php(270): CController->missingAction('spacer.gif')
#1 /home/suyouxin/web/cunxiao_web/yii/framework/web/CWebApplication.php(282): CController->run('spacer.gif')
#2 /home/suyouxin/web/cunxiao_web/yii/framework/web/CWebApplication.php(141): CWebApplication->runController('query/spacer.gi...')
#3 /home/suyouxin/web/cunxiao_web/yii/framework/base/CApplication.php(180): CWebApplication->processRequest()
#4 /home/suyouxin/web/cunxiao_web/admin/index.php(13): CApplication->run()
#5 {main}
REQUEST_URI=/admin/index.php/query/spacer.gif
HTTP_REFERER=http://test.cunxiao.org:3000/admin/index.php/query/fund_request?stu_id=3687
---
2014/08/04 23:55:54 [error] [exception.CHttpException.404] exception 'CHttpException' with message '系统无法找到请求的 "o2otable_r7_c3.jpg" 动作.' in /home/suyouxin/web/cunxiao_web/yii/framework/web/CController.php:483
Stack trace:
#0 /home/suyouxin/web/cunxiao_web/yii/framework/web/CController.php(270): CController->missingAction('o2otable_r7_c3....')
#1 /home/suyouxin/web/cunxiao_web/yii/framework/web/CWebApplication.php(282): CController->run('o2otable_r7_c3....')
#2 /home/suyouxin/web/cunxiao_web/yii/framework/web/CWebApplication.php(141): CWebApplication->runController('query/o2otable_...')
#3 /home/suyouxin/web/cunxiao_web/yii/framework/base/CApplication.php(180): CWebApplication->processRequest()
#4 /home/suyouxin/web/cunxiao_web/admin/index.php(13): CApplication->run()
#5 {main}
REQUEST_URI=/admin/index.php/query/o2otable_r7_c3.jpg
HTTP_REFERER=http://test.cunxiao.org:3000/admin/index.php/query/fund_request?stu_id=3687
---
